<?xml version="1.0" encoding="UTF-8"?>
<!-- Generated by org.testng.reporters.JUnitReportReporter -->
<testsuite skipped="0" hostname="ADMIN-PC" name="org.guru.bank.Test_001" tests="1" failures="0" timestamp="24 Jan 2018 08:18:42 GMT" time="0.017" errors="0">
  <testcase name="chk" time="0.017" classname="org.guru.bank.Test_001"/>
</testsuite> <!-- org.guru.bank.Test_001 -->
